<!DOCTYPE html>

<html>
  <head>
  <meta charset='utf-8'>
  <title>TestNG reports</title>

    <link type="text/css" href="testng-reports.css" rel="stylesheet" />  
    <script type="text/javascript" src="jquery-1.7.1.min.js"></script>
    <script type="text/javascript" src="testng-reports.js"></script>
    <script type="text/javascript" src="https://www.google.com/jsapi"></script>
    <script type='text/javascript'>
      google.load('visualization', '1', {packages:['table']});
      google.setOnLoadCallback(drawTable);
      var suiteTableInitFunctions = new Array();
      var suiteTableData = new Array();
    </script>
    <!--
      <script type="text/javascript" src="jquery-ui/js/jquery-ui-1.8.16.custom.min.js"></script>
     -->
  </head>

  <body>
    <div class="top-banner-root">
      <span class="top-banner-title-font">Test results</span>
      <br/>
      <span class="top-banner-font-1">1 suite, 1 failed test</span>
    </div> <!-- top-banner-root -->
    <div class="navigator-root">
      <div class="navigator-suite-header">
        <span>All suites</span>
        <a href="#" class="collapse-all-link" title="Collapse/expand all the suites">
          <img class="collapse-all-icon" src="collapseall.gif">
          </img> <!-- collapse-all-icon -->
        </a> <!-- collapse-all-link -->
      </div> <!-- navigator-suite-header -->
      <div class="suite">
        <div class="rounded-window">
          <div class="suite-header light-rounded-window-top">
            <a href="#" class="navigator-link" panel-name="suite-Tests_that_are_triggering_browser_and_interacting_with_workspace">
              <span class="suite-name border-failed">Tests that are triggering browser and interacting with workspace</span>
            </a> <!-- navigator-link -->
          </div> <!-- suite-header light-rounded-window-top -->
          <div class="navigator-suite-content">
            <div class="suite-section-title">
              <span>Info</span>
            </div> <!-- suite-section-title -->
            <div class="suite-section-content">
              <ul>
                <li>
                  <a href="#" class="navigator-link " panel-name="test-xml-Tests_that_are_triggering_browser_and_interacting_with_workspace">
                    <span>C:\Dreamix\bpm\InvoiceManagement\BPM-Invoice-UITestAutomation\testTrigger.xml</span>
                  </a> <!-- navigator-link  -->
                </li>
                <li>
                  <a href="#" class="navigator-link " panel-name="testlist-Tests_that_are_triggering_browser_and_interacting_with_workspace">
                    <span class="test-stats">2 tests</span>
                  </a> <!-- navigator-link  -->
                </li>
                <li>
                  <a href="#" class="navigator-link " panel-name="group-Tests_that_are_triggering_browser_and_interacting_with_workspace">
                    <span>1 group</span>
                  </a> <!-- navigator-link  -->
                </li>
                <li>
                  <a href="#" class="navigator-link " panel-name="times-Tests_that_are_triggering_browser_and_interacting_with_workspace">
                    <span>Times</span>
                  </a> <!-- navigator-link  -->
                </li>
                <li>
                  <a href="#" class="navigator-link " panel-name="reporter-Tests_that_are_triggering_browser_and_interacting_with_workspace">
                    <span>Reporter output</span>
                  </a> <!-- navigator-link  -->
                </li>
                <li>
                  <a href="#" class="navigator-link " panel-name="ignored-methods-Tests_that_are_triggering_browser_and_interacting_with_workspace">
                    <span>Ignored methods</span>
                  </a> <!-- navigator-link  -->
                </li>
                <li>
                  <a href="#" class="navigator-link " panel-name="chronological-Tests_that_are_triggering_browser_and_interacting_with_workspace">
                    <span>Chronological view</span>
                  </a> <!-- navigator-link  -->
                </li>
              </ul>
            </div> <!-- suite-section-content -->
            <div class="result-section">
              <div class="suite-section-title">
                <span>Results</span>
              </div> <!-- suite-section-title -->
              <div class="suite-section-content">
                <ul>
                  <li>
                    <span class="method-stats">1 method, 1 failed,   </span>
                  </li>
                  <li>
                    <span class="method-list-title failed">Failed methods</span>
                    <span class="show-or-hide-methods failed">
                      <a href="#" panel-name="suite-Tests_that_are_triggering_browser_and_interacting_with_workspace" class="hide-methods failed suite-Tests_that_are_triggering_browser_and_interacting_with_workspace"> (hide)</a> <!-- hide-methods failed suite-Tests_that_are_triggering_browser_and_interacting_with_workspace -->
                      <a href="#" panel-name="suite-Tests_that_are_triggering_browser_and_interacting_with_workspace" class="show-methods failed suite-Tests_that_are_triggering_browser_and_interacting_with_workspace"> (show)</a> <!-- show-methods failed suite-Tests_that_are_triggering_browser_and_interacting_with_workspace -->
                    </span>
                    <div class="method-list-content failed suite-Tests_that_are_triggering_browser_and_interacting_with_workspace">
                      <span>
                        <img width="3%" src="failed.png"/>
                        <a href="#" class="method navigator-link" panel-name="suite-Tests_that_are_triggering_browser_and_interacting_with_workspace" title="tests.CreateInvoice" hash-for-method="createInvoice">createInvoice</a> <!-- method navigator-link -->
                      </span>
                      <br/>
                    </div> <!-- method-list-content failed suite-Tests_that_are_triggering_browser_and_interacting_with_workspace -->
                  </li>
                </ul>
              </div> <!-- suite-section-content -->
            </div> <!-- result-section -->
          </div> <!-- navigator-suite-content -->
        </div> <!-- rounded-window -->
      </div> <!-- suite -->
    </div> <!-- navigator-root -->
    <div class="wrapper">
      <div class="main-panel-root">
        <div panel-name="suite-Tests_that_are_triggering_browser_and_interacting_with_workspace" class="panel Tests_that_are_triggering_browser_and_interacting_with_workspace">
          <div class="suite-Tests_that_are_triggering_browser_and_interacting_with_workspace-class-failed">
            <div class="main-panel-header rounded-window-top">
              <img src="failed.png"/>
              <span class="class-name">tests.CreateInvoice</span>
            </div> <!-- main-panel-header rounded-window-top -->
            <div class="main-panel-content rounded-window-bottom">
              <div class="method">
                <div class="method-content">
                  <a name="createInvoice">
                  </a> <!-- createInvoice -->
                  <span class="method-name">createInvoice</span>
                  <div class="stack-trace">org.openqa.selenium.NoSuchElementException: Unable to locate element: {&quot;method&quot;:&quot;xpath&quot;,&quot;selector&quot;:&quot;//label[text()=&apos;Select your invoice file&apos;]//..//..//..//input&quot;}
For documentation on this error, please visit: http://seleniumhq.org/exceptions/no_such_element.html
Build info: version: &apos;2.52.0&apos;, revision: &apos;4c2593c&apos;, time: &apos;2016-02-11 19:06:42&apos;
System info: host: &apos;DESKTOP-HR7OA0S&apos;, ip: &apos;172.30.254.124&apos;, os.name: &apos;Windows 10&apos;, os.arch: &apos;amd64&apos;, os.version: &apos;10.0&apos;, java.version: &apos;1.8.0_73&apos;
Driver info: driver.version: unknown
Command duration or timeout: 316 milliseconds
For documentation on this error, please visit: http://seleniumhq.org/exceptions/no_such_element.html
Build info: version: &apos;2.48.2&apos;, revision: &apos;41bccdd10cf2c0560f637404c2d96164b67d9d67&apos;, time: &apos;2015-10-09 13:08:06&apos;
System info: host: &apos;DESKTOP-HR7OA0S&apos;, ip: &apos;172.30.254.124&apos;, os.name: &apos;Windows 10&apos;, os.arch: &apos;amd64&apos;, os.version: &apos;10.0&apos;, java.version: &apos;1.8.0_65&apos;
Driver info: org.openqa.selenium.remote.RemoteWebDriver
Capabilities [{applicationCacheEnabled=true, rotatable=false, handlesAlerts=true, databaseEnabled=true, version=44.0.2, platform=WINDOWS, nativeEvents=false, acceptSslCerts=true, webdriver.remote.sessionid=42430c3a-dc50-4ae4-af1d-1e1f8b07f8a6, webStorageEnabled=true, locationContextEnabled=true, browserName=firefox, takesScreenshot=true, javascriptEnabled=true, cssSelectorsEnabled=true}]
Session ID: 42430c3a-dc50-4ae4-af1d-1e1f8b07f8a6
*** Element info: {Using=xpath, value=//label[text()=&apos;Select your invoice file&apos;]//..//..//..//input}
	at org.openqa.selenium.remote.ErrorHandler.createThrowable(ErrorHandler.java:206)
	at org.openqa.selenium.remote.ErrorHandler.throwIfResponseFailed(ErrorHandler.java:158)
	at org.openqa.selenium.remote.RemoteWebDriver.execute(RemoteWebDriver.java:647)
	at org.openqa.selenium.remote.RemoteWebDriver.findElement(RemoteWebDriver.java:353)
	at org.openqa.selenium.remote.RemoteWebDriver.findElementByXPath(RemoteWebDriver.java:490)
	at org.openqa.selenium.By$ByXPath.findElement(By.java:361)
	at org.openqa.selenium.remote.RemoteWebDriver.findElement(RemoteWebDriver.java:345)
	at page_objects.workspace.PO_NewInvoiceApprovalFluent.addFile(PO_NewInvoiceApprovalFluent.java:37)
	at page_objects.workspace.PO_NewInvoiceApproval.&lt;init&gt;(PO_NewInvoiceApproval.java:13)
	at page_objects.workspace.PO_Applications.startInvoiceApproval(PO_Applications.java:17)
	at tests.CreateInvoice.createInvoice(CreateInvoice.java:29)
Caused by: org.openqa.selenium.remote.ScreenshotException: Screen shot has been taken
Build info: version: &apos;2.48.2&apos;, revision: &apos;41bccdd10cf2c0560f637404c2d96164b67d9d67&apos;, time: &apos;2015-10-09 13:08:06&apos;
System info: host: &apos;DESKTOP-HR7OA0S&apos;, ip: &apos;172.30.254.124&apos;, os.name: &apos;Windows 10&apos;, os.arch: &apos;amd64&apos;, os.version: &apos;10.0&apos;, java.version: &apos;1.8.0_65&apos;
Driver info: driver.version: RemoteWebDriver
	at org.openqa.selenium.remote.ErrorHandler.throwIfResponseFailed(ErrorHandler.java:138)
	... 33 more
Caused by: org.openqa.selenium.NoSuchElementException: Unable to locate element: {&quot;method&quot;:&quot;xpath&quot;,&quot;selector&quot;:&quot;//label[text()=&apos;Select your invoice file&apos;]//..//..//..//input&quot;}
For documentation on this error, please visit: http://seleniumhq.org/exceptions/no_such_element.html
Build info: version: &apos;2.52.0&apos;, revision: &apos;4c2593c&apos;, time: &apos;2016-02-11 19:06:42&apos;
System info: host: &apos;DESKTOP-HR7OA0S&apos;, ip: &apos;172.30.254.124&apos;, os.name: &apos;Windows 10&apos;, os.arch: &apos;amd64&apos;, os.version: &apos;10.0&apos;, java.version: &apos;1.8.0_73&apos;
Driver info: driver.version: unknown
For documentation on this error, please visit: http://seleniumhq.org/exceptions/no_such_element.html
Build info: version: &apos;2.48.2&apos;, revision: &apos;41bccdd10cf2c0560f637404c2d96164b67d9d67&apos;, time: &apos;2015-10-09 13:08:06&apos;
System info: host: &apos;DESKTOP-HR7OA0S&apos;, ip: &apos;172.30.254.124&apos;, os.name: &apos;Windows 10&apos;, os.arch: &apos;amd64&apos;, os.version: &apos;10.0&apos;, java.version: &apos;1.8.0_65&apos;
Driver info: driver.version: unknown
	at &lt;anonymous class&gt;.FirefoxDriver.prototype.findElementInternal_(file:///C:/Users/boris/AppData/Local/Temp/anonymous595198645258929275webdriver-profile/extensions/fxdriver@googlecode.com/components/driver-component.js:10723)
	at &lt;anonymous class&gt;.FirefoxDriver.prototype.findElement(file:///C:/Users/boris/AppData/Local/Temp/anonymous595198645258929275webdriver-profile/extensions/fxdriver@googlecode.com/components/driver-component.js:10732)
	at &lt;anonymous class&gt;.DelayedCommand.prototype.executeInternal_/h(file:///C:/Users/boris/AppData/Local/Temp/anonymous595198645258929275webdriver-profile/extensions/fxdriver@googlecode.com/components/command-processor.js:12614)
	at &lt;anonymous class&gt;.DelayedCommand.prototype.executeInternal_(file:///C:/Users/boris/AppData/Local/Temp/anonymous595198645258929275webdriver-profile/extensions/fxdriver@googlecode.com/components/command-processor.js:12619)
	at &lt;anonymous class&gt;.DelayedCommand.prototype.execute/&lt;(file:///C:/Users/boris/AppData/Local/Temp/anonymous595198645258929275webdriver-profile/extensions/fxdriver@googlecode.com/components/command-processor.js:12561)
... Removed 28 stack frames
</div> <!-- stack-trace -->
                </div> <!-- method-content -->
              </div> <!-- method -->
            </div> <!-- main-panel-content rounded-window-bottom -->
          </div> <!-- suite-Tests_that_are_triggering_browser_and_interacting_with_workspace-class-failed -->
        </div> <!-- panel Tests_that_are_triggering_browser_and_interacting_with_workspace -->
        <div panel-name="test-xml-Tests_that_are_triggering_browser_and_interacting_with_workspace" class="panel">
          <div class="main-panel-header rounded-window-top">
            <span class="header-content">C:\Dreamix\bpm\InvoiceManagement\BPM-Invoice-UITestAutomation\testTrigger.xml</span>
          </div> <!-- main-panel-header rounded-window-top -->
          <div class="main-panel-content rounded-window-bottom">
            <pre>
&lt;?xml version=&quot;1.0&quot; encoding=&quot;UTF-8&quot;?&gt;
&lt;!DOCTYPE suite SYSTEM &quot;http://testng.org/testng-1.0.dtd&quot;&gt;
&lt;suite guice-stage=&quot;DEVELOPMENT&quot; name=&quot;Tests that are triggering browser and interacting with workspace&quot; allow-return-values=&quot;true&quot;&gt;
  &lt;test name=&quot;UI Tests&quot;&gt;
    &lt;groups&gt;
      &lt;run&gt;
        &lt;include name=&quot;UITest&quot;/&gt;
      &lt;/run&gt;
    &lt;/groups&gt;
    &lt;classes&gt;
      &lt;class name=&quot;tests.CreateInvoice&quot;/&gt;
    &lt;/classes&gt;
  &lt;/test&gt; &lt;!-- UI Tests --&gt;
  &lt;test name=&quot;UI Tests(failed)&quot;&gt;
    &lt;groups&gt;
      &lt;run&gt;
        &lt;include name=&quot;UITest&quot;/&gt;
      &lt;/run&gt;
    &lt;/groups&gt;
    &lt;classes&gt;
      &lt;class name=&quot;tests.CreateInvoice&quot;&gt;
        &lt;methods&gt;
          &lt;include name=&quot;createInvoice&quot;/&gt;
          &lt;include name=&quot;setup&quot;/&gt;
        &lt;/methods&gt;
      &lt;/class&gt; &lt;!-- tests.CreateInvoice --&gt;
    &lt;/classes&gt;
  &lt;/test&gt; &lt;!-- UI Tests(failed) --&gt;
&lt;/suite&gt; &lt;!-- Tests that are triggering browser and interacting with workspace --&gt;
            </pre>
          </div> <!-- main-panel-content rounded-window-bottom -->
        </div> <!-- panel -->
        <div panel-name="testlist-Tests_that_are_triggering_browser_and_interacting_with_workspace" class="panel">
          <div class="main-panel-header rounded-window-top">
            <span class="header-content">Tests for Tests that are triggering browser and interacting with workspace</span>
          </div> <!-- main-panel-header rounded-window-top -->
          <div class="main-panel-content rounded-window-bottom">
            <ul>
              <li>
                <span class="test-name">UI Tests (1 class)</span>
              </li>
              <li>
                <span class="test-name">UI Tests(failed) (1 class)</span>
              </li>
            </ul>
          </div> <!-- main-panel-content rounded-window-bottom -->
        </div> <!-- panel -->
        <div panel-name="group-Tests_that_are_triggering_browser_and_interacting_with_workspace" class="panel">
          <div class="main-panel-header rounded-window-top">
            <span class="header-content">Groups for Tests that are triggering browser and interacting with workspace</span>
          </div> <!-- main-panel-header rounded-window-top -->
          <div class="main-panel-content rounded-window-bottom">
            <div class="test-group">
              <span class="test-group-name">UITest</span>
              <br/>
              <div class="method-in-group">
                <span class="method-in-group-name">createInvoice</span>
                <br/>
              </div> <!-- method-in-group -->
            </div> <!-- test-group -->
          </div> <!-- main-panel-content rounded-window-bottom -->
        </div> <!-- panel -->
        <div panel-name="times-Tests_that_are_triggering_browser_and_interacting_with_workspace" class="panel">
          <div class="main-panel-header rounded-window-top">
            <span class="header-content">Times for Tests that are triggering browser and interacting with workspace</span>
          </div> <!-- main-panel-header rounded-window-top -->
          <div class="main-panel-content rounded-window-bottom">
            <div class="times-div">
              <script type="text/javascript">
suiteTableInitFunctions.push('tableData_Tests_that_are_triggering_browser_and_interacting_with_workspace');
function tableData_Tests_that_are_triggering_browser_and_interacting_with_workspace() {
var data = new google.visualization.DataTable();
data.addColumn('number', 'Number');
data.addColumn('string', 'Method');
data.addColumn('string', 'Class');
data.addColumn('number', 'Time (ms)');
data.addRows(1);
data.setCell(0, 0, 0)
data.setCell(0, 1, 'createInvoice')
data.setCell(0, 2, 'tests.CreateInvoice')
data.setCell(0, 3, 24197);
window.suiteTableData['Tests_that_are_triggering_browser_and_interacting_with_workspace']= { tableData: data, tableDiv: 'times-div-Tests_that_are_triggering_browser_and_interacting_with_workspace'}
return data;
}
              </script>
              <span class="suite-total-time">Total running time: 24 seconds</span>
              <div id="times-div-Tests_that_are_triggering_browser_and_interacting_with_workspace">
              </div> <!-- times-div-Tests_that_are_triggering_browser_and_interacting_with_workspace -->
            </div> <!-- times-div -->
          </div> <!-- main-panel-content rounded-window-bottom -->
        </div> <!-- panel -->
        <div panel-name="reporter-Tests_that_are_triggering_browser_and_interacting_with_workspace" class="panel">
          <div class="main-panel-header rounded-window-top">
            <span class="header-content">Reporter output for Tests that are triggering browser and interacting with workspace</span>
          </div> <!-- main-panel-header rounded-window-top -->
          <div class="main-panel-content rounded-window-bottom">
          </div> <!-- main-panel-content rounded-window-bottom -->
        </div> <!-- panel -->
        <div panel-name="ignored-methods-Tests_that_are_triggering_browser_and_interacting_with_workspace" class="panel">
          <div class="main-panel-header rounded-window-top">
            <span class="header-content">0 ignored methods</span>
          </div> <!-- main-panel-header rounded-window-top -->
          <div class="main-panel-content rounded-window-bottom">
          </div> <!-- main-panel-content rounded-window-bottom -->
        </div> <!-- panel -->
        <div panel-name="chronological-Tests_that_are_triggering_browser_and_interacting_with_workspace" class="panel">
          <div class="main-panel-header rounded-window-top">
            <span class="header-content">Methods in chronological order</span>
          </div> <!-- main-panel-header rounded-window-top -->
          <div class="main-panel-content rounded-window-bottom">
            <div class="chronological-class">
              <div class="chronological-class-name">tests.CreateInvoice</div> <!-- chronological-class-name -->
              <div class="configuration-method before">
                <span class="method-name">setup</span>
                <span class="method-start">0 ms</span>
              </div> <!-- configuration-method before -->
              <div class="test-method">
                <img src="failed.png">
                </img>
                <span class="method-name">createInvoice</span>
                <span class="method-start">13643 ms</span>
              </div> <!-- test-method -->
          </div> <!-- main-panel-content rounded-window-bottom -->
        </div> <!-- panel -->
      </div> <!-- main-panel-root -->
    </div> <!-- wrapper -->
  </body>
</html>
